<?xml version="1.0" encoding="UTF-8"?>
<!-- Generated by org.testng.reporters.JUnitReportReporter -->
<testsuite hostname="LAPTOP-K0A563GM" failures="0" tests="1" name="runners.Testrunner" time="4.465" errors="0" timestamp="2025-10-04T08:40:13 IST" skipped="0">
  <testcase classname="runners.Testrunner" name="runScenario" time="4.465"/>
</testsuite> <!-- runners.Testrunner -->
